1534777948,,ui,say,==> amazon-ebs: Prevalidating AMI Name: packer-example 1534777947
1534777951,,ui,message,    amazon-ebs: Found Image ID: ami-6871a115
1534777951,,ui,say,==> amazon-ebs: Creating temporary keypair: packer_5b7ada5c-abc8-5b99-1682-27055fd45d0c
1534777952,,ui,say,==> amazon-ebs: Creating temporary security group for this instance: packer_5b7ada60-6bdd-6648-a21b-4091134e4967
1534777952,,ui,say,==> amazon-ebs: Authorizing access to port 22 from 0.0.0.0/0 in the temporary security group...
1534777953,,ui,say,==> amazon-ebs: Launching a source AWS instance...
1534777953,,ui,say,==> amazon-ebs: Adding tags to source instance
1534777953,,ui,message,    amazon-ebs: Adding tag: "Name": "Packer Builder"
1534777954,,ui,message,    amazon-ebs: Instance ID: i-0747e528d5df1449b
1534777954,,ui,say,==> amazon-ebs: Waiting for instance (i-0747e528d5df1449b) to become ready...
1534777987,,ui,say,==> amazon-ebs: Waiting for SSH to become available...
1534777999,,ui,say,==> amazon-ebs: Connected to SSH!
1534777999,,ui,say,==> amazon-ebs: Pausing 10s before the next provisioner...
1534778009,,ui,say,==> amazon-ebs: Provisioning with shell script: scripts/install_software.sh
1534778011,,ui,message,    amazon-ebs: Loaded plugins: amazon-id%!(PACKER_COMMA) rhui-lb%!(PACKER_COMMA) search-disabled-repos
1534778023,,ui,message,    amazon-ebs: Resolving Dependencies
1534778023,,ui,message,    amazon-ebs: --> Running transaction check
1534778023,,ui,message,    amazon-ebs: ---> Package unzip.x86_64 0:6.0-19.el7 will be installed
1534778023,,ui,message,    amazon-ebs: ---> Package vim-enhanced.x86_64 2:7.4.160-4.el7 will be installed
1534778023,,ui,message,    amazon-ebs: --> Processing Dependency: vim-common = 2:7.4.160-4.el7 for package: 2:vim-enhanced-7.4.160-4.el7.x86_64
1534778023,,ui,message,    amazon-ebs: --> Processing Dependency: perl(:MODULE_COMPAT_5.16.3) for package: 2:vim-enhanced-7.4.160-4.el7.x86_64
1534778023,,ui,message,    amazon-ebs: --> Processing Dependency: libgpm.so.2()(64bit) for package: 2:vim-enhanced-7.4.160-4.el7.x86_64
1534778024,,ui,message,    amazon-ebs: --> Processing Dependency: libperl.so()(64bit) for package: 2:vim-enhanced-7.4.160-4.el7.x86_64
1534778024,,ui,message,    amazon-ebs: ---> Package wget.x86_64 0:1.14-15.el7_4.1 will be installed
1534778024,,ui,message,    amazon-ebs: --> Running transaction check
1534778024,,ui,message,    amazon-ebs: ---> Package gpm-libs.x86_64 0:1.20.7-5.el7 will be installed
1534778024,,ui,message,    amazon-ebs: ---> Package perl.x86_64 4:5.16.3-292.el7 will be installed
1534778024,,ui,message,    amazon-ebs: --> Processing Dependency: perl(Scalar::Util) >= 1.10 for package: 4:perl-5.16.3-292.el7.x86_64
1534778024,,ui,message,    amazon-ebs: --> Processing Dependency: perl(Socket) >= 1.3 for package: 4:perl-5.16.3-292.el7.x86_64
1534778024,,ui,message,    amazon-ebs: --> Processing Dependency: perl(Carp) for package: 4:perl-5.16.3-292.el7.x86_64
1534778024,,ui,message,    amazon-ebs: --> Processing Dependency: perl(Cwd) for package: 4:perl-5.16.3-292.el7.x86_64
1534778024,,ui,message,    amazon-ebs: --> Processing Dependency: perl(Exporter) for package: 4:perl-5.16.3-292.el7.x86_64
1534778024,,ui,message,    amazon-ebs: --> Processing Dependency: perl(File::Path) for package: 4:perl-5.16.3-292.el7.x86_64
1534778024,,ui,message,    amazon-ebs: --> Processing Dependency: perl(File::Spec) for package: 4:perl-5.16.3-292.el7.x86_64
1534778024,,ui,message,    amazon-ebs: --> Processing Dependency: perl(File::Spec::Functions) for package: 4:perl-5.16.3-292.el7.x86_64
1534778024,,ui,message,    amazon-ebs: --> Processing Dependency: perl(File::Spec::Unix) for package: 4:perl-5.16.3-292.el7.x86_64
1534778024,,ui,message,    amazon-ebs: --> Processing Dependency: perl(File::Temp) for package: 4:perl-5.16.3-292.el7.x86_64
1534778024,,ui,message,    amazon-ebs: --> Processing Dependency: perl(Filter::Util::Call) for package: 4:perl-5.16.3-292.el7.x86_64
1534778024,,ui,message,    amazon-ebs: --> Processing Dependency: perl(Getopt::Long) for package: 4:perl-5.16.3-292.el7.x86_64
1534778024,,ui,message,    amazon-ebs: --> Processing Dependency: perl(Pod::Simple::Search) for package: 4:perl-5.16.3-292.el7.x86_64
1534778024,,ui,message,    amazon-ebs: --> Processing Dependency: perl(Pod::Simple::XHTML) for package: 4:perl-5.16.3-292.el7.x86_64
1534778024,,ui,message,    amazon-ebs: --> Processing Dependency: perl(Scalar::Util) for package: 4:perl-5.16.3-292.el7.x86_64
1534778024,,ui,message,    amazon-ebs: --> Processing Dependency: perl(Socket) for package: 4:perl-5.16.3-292.el7.x86_64
1534778024,,ui,message,    amazon-ebs: --> Processing Dependency: perl(Storable) for package: 4:perl-5.16.3-292.el7.x86_64
1534778024,,ui,message,    amazon-ebs: --> Processing Dependency: perl(Time::HiRes) for package: 4:perl-5.16.3-292.el7.x86_64
1534778024,,ui,message,    amazon-ebs: --> Processing Dependency: perl(Time::Local) for package: 4:perl-5.16.3-292.el7.x86_64
1534778024,,ui,message,    amazon-ebs: --> Processing Dependency: perl(constant) for package: 4:perl-5.16.3-292.el7.x86_64
1534778024,,ui,message,    amazon-ebs: --> Processing Dependency: perl(threads) for package: 4:perl-5.16.3-292.el7.x86_64
1534778024,,ui,message,    amazon-ebs: --> Processing Dependency: perl(threads::shared) for package: 4:perl-5.16.3-292.el7.x86_64
1534778024,,ui,message,    amazon-ebs: --> Processing Dependency: perl-macros for package: 4:perl-5.16.3-292.el7.x86_64
1534778024,,ui,message,    amazon-ebs: ---> Package perl-libs.x86_64 4:5.16.3-292.el7 will be installed
1534778024,,ui,message,    amazon-ebs: ---> Package vim-common.x86_64 2:7.4.160-4.el7 will be installed
1534778024,,ui,message,    amazon-ebs: --> Processing Dependency: vim-filesystem for package: 2:vim-common-7.4.160-4.el7.x86_64
1534778024,,ui,message,    amazon-ebs: --> Running transaction check
1534778024,,ui,message,    amazon-ebs: ---> Package perl-Carp.noarch 0:1.26-244.el7 will be installed
1534778024,,ui,message,    amazon-ebs: ---> Package perl-Exporter.noarch 0:5.68-3.el7 will be installed
1534778024,,ui,message,    amazon-ebs: ---> Package perl-File-Path.noarch 0:2.09-2.el7 will be installed
1534778024,,ui,message,    amazon-ebs: ---> Package perl-File-Temp.noarch 0:0.23.01-3.el7 will be installed
1534778024,,ui,message,    amazon-ebs: ---> Package perl-Filter.x86_64 0:1.49-3.el7 will be installed
1534778024,,ui,message,    amazon-ebs: ---> Package perl-Getopt-Long.noarch 0:2.40-3.el7 will be installed
1534778024,,ui,message,    amazon-ebs: --> Processing Dependency: perl(Pod::Usage) >= 1.14 for package: perl-Getopt-Long-2.40-3.el7.noarch
1534778024,,ui,message,    amazon-ebs: --> Processing Dependency: perl(Text::ParseWords) for package: perl-Getopt-Long-2.40-3.el7.noarch
1534778024,,ui,message,    amazon-ebs: ---> Package perl-PathTools.x86_64 0:3.40-5.el7 will be installed
1534778024,,ui,message,    amazon-ebs: ---> Package perl-Pod-Simple.noarch 1:3.28-4.el7 will be installed
1534778024,,ui,message,    amazon-ebs: --> Processing Dependency: perl(Pod::Escapes) >= 1.04 for package: 1:perl-Pod-Simple-3.28-4.el7.noarch
1534778024,,ui,message,    amazon-ebs: --> Processing Dependency: perl(Encode) for package: 1:perl-Pod-Simple-3.28-4.el7.noarch
1534778024,,ui,message,    amazon-ebs: ---> Package perl-Scalar-List-Utils.x86_64 0:1.27-248.el7 will be installed
1534778024,,ui,message,    amazon-ebs: ---> Package perl-Socket.x86_64 0:2.010-4.el7 will be installed
1534778024,,ui,message,    amazon-ebs: ---> Package perl-Storable.x86_64 0:2.45-3.el7 will be installed
1534778024,,ui,message,    amazon-ebs: ---> Package perl-Time-HiRes.x86_64 4:1.9725-3.el7 will be installed
1534778024,,ui,message,    amazon-ebs: ---> Package perl-Time-Local.noarch 0:1.2300-2.el7 will be installed
1534778024,,ui,message,    amazon-ebs: ---> Package perl-constant.noarch 0:1.27-2.el7 will be installed
1534778024,,ui,message,    amazon-ebs: ---> Package perl-macros.x86_64 4:5.16.3-292.el7 will be installed
1534778024,,ui,message,    amazon-ebs: ---> Package perl-threads.x86_64 0:1.87-4.el7 will be installed
1534778024,,ui,message,    amazon-ebs: ---> Package perl-threads-shared.x86_64 0:1.43-6.el7 will be installed
1534778024,,ui,message,    amazon-ebs: ---> Package vim-filesystem.x86_64 2:7.4.160-4.el7 will be installed
1534778024,,ui,message,    amazon-ebs: --> Running transaction check
1534778024,,ui,message,    amazon-ebs: ---> Package perl-Encode.x86_64 0:2.51-7.el7 will be installed
1534778024,,ui,message,    amazon-ebs: ---> Package perl-Pod-Escapes.noarch 1:1.04-292.el7 will be installed
1534778024,,ui,message,    amazon-ebs: ---> Package perl-Pod-Usage.noarch 0:1.63-3.el7 will be installed
1534778024,,ui,message,    amazon-ebs: --> Processing Dependency: perl(Pod::Text) >= 3.15 for package: perl-Pod-Usage-1.63-3.el7.noarch
1534778024,,ui,message,    amazon-ebs: --> Processing Dependency: perl-Pod-Perldoc for package: perl-Pod-Usage-1.63-3.el7.noarch
1534778024,,ui,message,    amazon-ebs: ---> Package perl-Text-ParseWords.noarch 0:3.29-4.el7 will be installed
1534778024,,ui,message,    amazon-ebs: --> Running transaction check
1534778024,,ui,message,    amazon-ebs: ---> Package perl-Pod-Perldoc.noarch 0:3.20-4.el7 will be installed
1534778024,,ui,message,    amazon-ebs: --> Processing Dependency: perl(HTTP::Tiny) for package: perl-Pod-Perldoc-3.20-4.el7.noarch
1534778024,,ui,message,    amazon-ebs: --> Processing Dependency: perl(parent) for package: perl-Pod-Perldoc-3.20-4.el7.noarch
1534778024,,ui,message,    amazon-ebs: ---> Package perl-podlators.noarch 0:2.5.1-3.el7 will be installed
1534778024,,ui,message,    amazon-ebs: --> Running transaction check
1534778024,,ui,message,    amazon-ebs: ---> Package perl-HTTP-Tiny.noarch 0:0.033-3.el7 will be installed
1534778024,,ui,message,    amazon-ebs: ---> Package perl-parent.noarch 1:0.225-244.el7 will be installed
1534778024,,ui,message,    amazon-ebs: --> Finished Dependency Resolution
1534778024,,ui,message,    amazon-ebs:
1534778024,,ui,message,    amazon-ebs: Dependencies Resolved
1534778024,,ui,message,    amazon-ebs:
1534778024,,ui,message,    amazon-ebs: ================================================================================
1534778024,,ui,message,    amazon-ebs:  Package         Arch   Version          Repository                        Size
1534778024,,ui,message,    amazon-ebs: ================================================================================
1534778024,,ui,message,    amazon-ebs: Installing:
1534778024,,ui,message,    amazon-ebs:  unzip           x86_64 6.0-19.el7       rhui-REGION-rhel-server-releases 170 k
1534778024,,ui,message,    amazon-ebs:  vim-enhanced    x86_64 2:7.4.160-4.el7  rhui-REGION-rhel-server-releases 1.0 M
1534778024,,ui,message,    amazon-ebs:  wget            x86_64 1.14-15.el7_4.1  rhui-REGION-rhel-server-releases 547 k
1534778024,,ui,message,    amazon-ebs: Installing for dependencies:
1534778024,,ui,message,    amazon-ebs:  gpm-libs        x86_64 1.20.7-5.el7     rhui-REGION-rhel-server-releases  32 k
1534778024,,ui,message,    amazon-ebs:  perl            x86_64 4:5.16.3-292.el7 rhui-REGION-rhel-server-releases 8.0 M
1534778024,,ui,message,    amazon-ebs:  perl-Carp       noarch 1.26-244.el7     rhui-REGION-rhel-server-releases  19 k
1534778024,,ui,message,    amazon-ebs:  perl-Encode     x86_64 2.51-7.el7       rhui-REGION-rhel-server-releases 1.5 M
1534778024,,ui,message,    amazon-ebs:  perl-Exporter   noarch 5.68-3.el7       rhui-REGION-rhel-server-releases  28 k
1534778024,,ui,message,    amazon-ebs:  perl-File-Path  noarch 2.09-2.el7       rhui-REGION-rhel-server-releases  27 k
1534778024,,ui,message,    amazon-ebs:  perl-File-Temp  noarch 0.23.01-3.el7    rhui-REGION-rhel-server-releases  56 k
1534778024,,ui,message,    amazon-ebs:  perl-Filter     x86_64 1.49-3.el7       rhui-REGION-rhel-server-releases  76 k
1534778024,,ui,message,    amazon-ebs:  perl-Getopt-Long
1534778024,,ui,message,    amazon-ebs:                  noarch 2.40-3.el7       rhui-REGION-rhel-server-releases  56 k
1534778024,,ui,message,    amazon-ebs:  perl-HTTP-Tiny  noarch 0.033-3.el7      rhui-REGION-rhel-server-releases  38 k
1534778024,,ui,message,    amazon-ebs:  perl-PathTools  x86_64 3.40-5.el7       rhui-REGION-rhel-server-releases  83 k
1534778024,,ui,message,    amazon-ebs:  perl-Pod-Escapes
1534778024,,ui,message,    amazon-ebs:                  noarch 1:1.04-292.el7   rhui-REGION-rhel-server-releases  51 k
1534778024,,ui,message,    amazon-ebs:  perl-Pod-Perldoc
1534778024,,ui,message,    amazon-ebs:                  noarch 3.20-4.el7       rhui-REGION-rhel-server-releases  87 k
1534778024,,ui,message,    amazon-ebs:  perl-Pod-Simple noarch 1:3.28-4.el7     rhui-REGION-rhel-server-releases 216 k
1534778024,,ui,message,    amazon-ebs:  perl-Pod-Usage  noarch 1.63-3.el7       rhui-REGION-rhel-server-releases  27 k
1534778024,,ui,message,    amazon-ebs:  perl-Scalar-List-Utils
1534778024,,ui,message,    amazon-ebs:                  x86_64 1.27-248.el7     rhui-REGION-rhel-server-releases  36 k
1534778024,,ui,message,    amazon-ebs:  perl-Socket     x86_64 2.010-4.el7      rhui-REGION-rhel-server-releases  49 k
1534778024,,ui,message,    amazon-ebs:  perl-Storable   x86_64 2.45-3.el7       rhui-REGION-rhel-server-releases  77 k
1534778024,,ui,message,    amazon-ebs:  perl-Text-ParseWords
1534778024,,ui,message,    amazon-ebs:                  noarch 3.29-4.el7       rhui-REGION-rhel-server-releases  14 k
1534778024,,ui,message,    amazon-ebs:  perl-Time-HiRes x86_64 4:1.9725-3.el7   rhui-REGION-rhel-server-releases  45 k
1534778024,,ui,message,    amazon-ebs:  perl-Time-Local noarch 1.2300-2.el7     rhui-REGION-rhel-server-releases  24 k
1534778024,,ui,message,    amazon-ebs:  perl-constant   noarch 1.27-2.el7       rhui-REGION-rhel-server-releases  19 k
1534778024,,ui,message,    amazon-ebs:  perl-libs       x86_64 4:5.16.3-292.el7 rhui-REGION-rhel-server-releases 688 k
1534778024,,ui,message,    amazon-ebs:  perl-macros     x86_64 4:5.16.3-292.el7 rhui-REGION-rhel-server-releases  43 k
1534778024,,ui,message,    amazon-ebs:  perl-parent     noarch 1:0.225-244.el7  rhui-REGION-rhel-server-releases  12 k
1534778024,,ui,message,    amazon-ebs:  perl-podlators  noarch 2.5.1-3.el7      rhui-REGION-rhel-server-releases 112 k
1534778024,,ui,message,    amazon-ebs:  perl-threads    x86_64 1.87-4.el7       rhui-REGION-rhel-server-releases  49 k
1534778024,,ui,message,    amazon-ebs:  perl-threads-shared
1534778024,,ui,message,    amazon-ebs:                  x86_64 1.43-6.el7       rhui-REGION-rhel-server-releases  39 k
1534778024,,ui,message,    amazon-ebs:  vim-common      x86_64 2:7.4.160-4.el7  rhui-REGION-rhel-server-releases 5.9 M
1534778024,,ui,message,    amazon-ebs:  vim-filesystem  x86_64 2:7.4.160-4.el7  rhui-REGION-rhel-server-releases  10 k
1534778024,,ui,message,    amazon-ebs:
1534778024,,ui,message,    amazon-ebs: Transaction Summary
1534778024,,ui,message,    amazon-ebs: ================================================================================
1534778024,,ui,message,    amazon-ebs: Install  3 Packages (+30 Dependent packages)
1534778024,,ui,message,    amazon-ebs:
1534778024,,ui,message,    amazon-ebs: Total download size: 19 M
1534778024,,ui,message,    amazon-ebs: Installed size: 62 M
1534778024,,ui,message,    amazon-ebs: Downloading packages:
1534778025,,ui,message,    amazon-ebs: --------------------------------------------------------------------------------
1534778025,,ui,message,    amazon-ebs: Total                                               13 MB/s |  19 MB  00:01
1534778025,,ui,message,    amazon-ebs: Running transaction check
1534778025,,ui,message,    amazon-ebs: Running transaction test
1534778026,,ui,message,    amazon-ebs: Transaction test succeeded
1534778026,,ui,message,    amazon-ebs: Running transaction
1534778026,,ui,message,    amazon-ebs:   Installing : 1:perl-parent-0.225-244.el7.noarch                          1/33
1534778026,,ui,message,    amazon-ebs:   Installing : perl-HTTP-Tiny-0.033-3.el7.noarch                           2/33
1534778026,,ui,message,    amazon-ebs:   Installing : perl-podlators-2.5.1-3.el7.noarch                           3/33
1534778026,,ui,message,    amazon-ebs:   Installing : perl-Pod-Perldoc-3.20-4.el7.noarch                          4/33
1534778026,,ui,message,    amazon-ebs:   Installing : 1:perl-Pod-Escapes-1.04-292.el7.noarch                      5/33
1534778026,,ui,message,    amazon-ebs:   Installing : perl-Text-ParseWords-3.29-4.el7.noarch                      6/33
1534778026,,ui,message,    amazon-ebs:   Installing : perl-Encode-2.51-7.el7.x86_64                               7/33
1534778026,,ui,message,    amazon-ebs:   Installing : perl-Pod-Usage-1.63-3.el7.noarch                            8/33
1534778026,,ui,message,    amazon-ebs:   Installing : 4:perl-macros-5.16.3-292.el7.x86_64                         9/33
1534778027,,ui,message,    amazon-ebs:   Installing : 4:perl-libs-5.16.3-292.el7.x86_64                          10/33
1534778027,,ui,message,    amazon-ebs:   Installing : perl-Storable-2.45-3.el7.x86_64                            11/33
1534778027,,ui,message,    amazon-ebs:   Installing : perl-Exporter-5.68-3.el7.noarch                            12/33
1534778027,,ui,message,    amazon-ebs:   Installing : perl-constant-1.27-2.el7.noarch                            13/33
1534778027,,ui,message,    amazon-ebs:   Installing : perl-Time-Local-1.2300-2.el7.noarch                        14/33
1534778027,,ui,message,    amazon-ebs:   Installing : perl-Socket-2.010-4.el7.x86_64                             15/33
1534778027,,ui,message,    amazon-ebs:   Installing : perl-Carp-1.26-244.el7.noarch                              16/33
1534778027,,ui,message,    amazon-ebs:   Installing : 4:perl-Time-HiRes-1.9725-3.el7.x86_64                      17/33
1534778027,,ui,message,    amazon-ebs:   Installing : perl-PathTools-3.40-5.el7.x86_64                           18/33
1534778027,,ui,message,    amazon-ebs:   Installing : perl-Scalar-List-Utils-1.27-248.el7.x86_64                 19/33
1534778027,,ui,message,    amazon-ebs:   Installing : perl-File-Temp-0.23.01-3.el7.noarch                        20/33
1534778027,,ui,message,    amazon-ebs:   Installing : perl-File-Path-2.09-2.el7.noarch                           21/33
1534778027,,ui,message,    amazon-ebs:   Installing : perl-threads-shared-1.43-6.el7.x86_64                      22/33
1534778027,,ui,message,    amazon-ebs:   Installing : perl-threads-1.87-4.el7.x86_64                             23/33
1534778027,,ui,message,    amazon-ebs:   Installing : perl-Filter-1.49-3.el7.x86_64                              24/33
1534778027,,ui,message,    amazon-ebs:   Installing : 1:perl-Pod-Simple-3.28-4.el7.noarch                        25/33
1534778029,,ui,message,    amazon-ebs:   Installing : perl-Getopt-Long-2.40-3.el7.noarch                         26/33
1534778029,,ui,message,    amazon-ebs:   Installing : 4:perl-5.16.3-292.el7.x86_64                               27/33
1534778030,,ui,message,    amazon-ebs:   Installing : 2:vim-filesystem-7.4.160-4.el7.x86_64                      28/33
1534778030,,ui,message,    amazon-ebs:   Installing : 2:vim-common-7.4.160-4.el7.x86_64                          29/33
1534778031,,ui,message,    amazon-ebs:   Installing : gpm-libs-1.20.7-5.el7.x86_64                               30/33
1534778031,,ui,message,    amazon-ebs:   Installing : 2:vim-enhanced-7.4.160-4.el7.x86_64                        31/33
1534778031,,ui,message,    amazon-ebs:   Installing : unzip-6.0-19.el7.x86_64                                    32/33
1534778031,,ui,message,    amazon-ebs:   Installing : wget-1.14-15.el7_4.1.x86_64                                33/33
1534778031,,ui,message,    amazon-ebs:   Verifying  : perl-HTTP-Tiny-0.033-3.el7.noarch                           1/33
1534778031,,ui,message,    amazon-ebs:   Verifying  : perl-threads-shared-1.43-6.el7.x86_64                       2/33
1534778031,,ui,message,    amazon-ebs:   Verifying  : perl-Storable-2.45-3.el7.x86_64                             3/33
1534778031,,ui,message,    amazon-ebs:   Verifying  : perl-Exporter-5.68-3.el7.noarch                             4/33
1534778031,,ui,message,    amazon-ebs:   Verifying  : perl-constant-1.27-2.el7.noarch                             5/33
1534778031,,ui,message,    amazon-ebs:   Verifying  : perl-PathTools-3.40-5.el7.x86_64                            6/33
1534778031,,ui,message,    amazon-ebs:   Verifying  : 4:perl-macros-5.16.3-292.el7.x86_64                         7/33
1534778031,,ui,message,    amazon-ebs:   Verifying  : 1:perl-parent-0.225-244.el7.noarch                          8/33
1534778031,,ui,message,    amazon-ebs:   Verifying  : 4:perl-5.16.3-292.el7.x86_64                                9/33
1534778031,,ui,message,    amazon-ebs:   Verifying  : perl-File-Temp-0.23.01-3.el7.noarch                        10/33
1534778031,,ui,message,    amazon-ebs:   Verifying  : 1:perl-Pod-Simple-3.28-4.el7.noarch                        11/33
1534778031,,ui,message,    amazon-ebs:   Verifying  : perl-Time-Local-1.2300-2.el7.noarch                        12/33
1534778031,,ui,message,    amazon-ebs:   Verifying  : gpm-libs-1.20.7-5.el7.x86_64                               13/33
1534778031,,ui,message,    amazon-ebs:   Verifying  : 4:perl-libs-5.16.3-292.el7.x86_64                          14/33
1534778031,,ui,message,    amazon-ebs:   Verifying  : perl-Socket-2.010-4.el7.x86_64                             15/33
1534778031,,ui,message,    amazon-ebs:   Verifying  : perl-Carp-1.26-244.el7.noarch                              16/33
1534778031,,ui,message,    amazon-ebs:   Verifying  : wget-1.14-15.el7_4.1.x86_64                                17/33
1534778031,,ui,message,    amazon-ebs:   Verifying  : 2:vim-enhanced-7.4.160-4.el7.x86_64                        18/33
1534778031,,ui,message,    amazon-ebs:   Verifying  : 4:perl-Time-HiRes-1.9725-3.el7.x86_64                      19/33
1534778031,,ui,message,    amazon-ebs:   Verifying  : perl-Scalar-List-Utils-1.27-248.el7.x86_64                 20/33
1534778031,,ui,message,    amazon-ebs:   Verifying  : 1:perl-Pod-Escapes-1.04-292.el7.noarch                     21/33
1534778031,,ui,message,    amazon-ebs:   Verifying  : 2:vim-filesystem-7.4.160-4.el7.x86_64                      22/33
1534778031,,ui,message,    amazon-ebs:   Verifying  : perl-Pod-Usage-1.63-3.el7.noarch                           23/33
1534778031,,ui,message,    amazon-ebs:   Verifying  : perl-Encode-2.51-7.el7.x86_64                              24/33
1534778031,,ui,message,    amazon-ebs:   Verifying  : perl-Pod-Perldoc-3.20-4.el7.noarch                         25/33
1534778031,,ui,message,    amazon-ebs:   Verifying  : perl-podlators-2.5.1-3.el7.noarch                          26/33
1534778031,,ui,message,    amazon-ebs:   Verifying  : perl-File-Path-2.09-2.el7.noarch                           27/33
1534778031,,ui,message,    amazon-ebs:   Verifying  : perl-threads-1.87-4.el7.x86_64                             28/33
1534778031,,ui,message,    amazon-ebs:   Verifying  : perl-Filter-1.49-3.el7.x86_64                              29/33
1534778031,,ui,message,    amazon-ebs:   Verifying  : perl-Getopt-Long-2.40-3.el7.noarch                         30/33
1534778031,,ui,message,    amazon-ebs:   Verifying  : perl-Text-ParseWords-3.29-4.el7.noarch                     31/33
1534778031,,ui,message,    amazon-ebs:   Verifying  : unzip-6.0-19.el7.x86_64                                    32/33
1534778031,,ui,message,    amazon-ebs:   Verifying  : 2:vim-common-7.4.160-4.el7.x86_64                          33/33
1534778031,,ui,message,    amazon-ebs:
1534778031,,ui,message,    amazon-ebs: Installed:
1534778031,,ui,message,    amazon-ebs:   unzip.x86_64 0:6.0-19.el7           vim-enhanced.x86_64 2:7.4.160-4.el7
1534778031,,ui,message,    amazon-ebs:   wget.x86_64 0:1.14-15.el7_4.1
1534778031,,ui,message,    amazon-ebs:
1534778031,,ui,message,    amazon-ebs: Dependency Installed:
1534778031,,ui,message,    amazon-ebs:   gpm-libs.x86_64 0:1.20.7-5.el7
1534778031,,ui,message,    amazon-ebs:   perl.x86_64 4:5.16.3-292.el7
1534778031,,ui,message,    amazon-ebs:   perl-Carp.noarch 0:1.26-244.el7
1534778031,,ui,message,    amazon-ebs:   perl-Encode.x86_64 0:2.51-7.el7
1534778031,,ui,message,    amazon-ebs:   perl-Exporter.noarch 0:5.68-3.el7
1534778031,,ui,message,    amazon-ebs:   perl-File-Path.noarch 0:2.09-2.el7
1534778031,,ui,message,    amazon-ebs:   perl-File-Temp.noarch 0:0.23.01-3.el7
1534778031,,ui,message,    amazon-ebs:   perl-Filter.x86_64 0:1.49-3.el7
1534778031,,ui,message,    amazon-ebs:   perl-Getopt-Long.noarch 0:2.40-3.el7
1534778031,,ui,message,    amazon-ebs:   perl-HTTP-Tiny.noarch 0:0.033-3.el7
1534778031,,ui,message,    amazon-ebs:   perl-PathTools.x86_64 0:3.40-5.el7
1534778031,,ui,message,    amazon-ebs:   perl-Pod-Escapes.noarch 1:1.04-292.el7
1534778031,,ui,message,    amazon-ebs:   perl-Pod-Perldoc.noarch 0:3.20-4.el7
1534778031,,ui,message,    amazon-ebs:   perl-Pod-Simple.noarch 1:3.28-4.el7
1534778031,,ui,message,    amazon-ebs:   perl-Pod-Usage.noarch 0:1.63-3.el7
1534778031,,ui,message,    amazon-ebs:   perl-Scalar-List-Utils.x86_64 0:1.27-248.el7
1534778031,,ui,message,    amazon-ebs:   perl-Socket.x86_64 0:2.010-4.el7
1534778031,,ui,message,    amazon-ebs:   perl-Storable.x86_64 0:2.45-3.el7
1534778031,,ui,message,    amazon-ebs:   perl-Text-ParseWords.noarch 0:3.29-4.el7
1534778031,,ui,message,    amazon-ebs:   perl-Time-HiRes.x86_64 4:1.9725-3.el7
1534778031,,ui,message,    amazon-ebs:   perl-Time-Local.noarch 0:1.2300-2.el7
1534778031,,ui,message,    amazon-ebs:   perl-constant.noarch 0:1.27-2.el7
1534778031,,ui,message,    amazon-ebs:   perl-libs.x86_64 4:5.16.3-292.el7
1534778031,,ui,message,    amazon-ebs:   perl-macros.x86_64 4:5.16.3-292.el7
1534778031,,ui,message,    amazon-ebs:   perl-parent.noarch 1:0.225-244.el7
1534778031,,ui,message,    amazon-ebs:   perl-podlators.noarch 0:2.5.1-3.el7
1534778031,,ui,message,    amazon-ebs:   perl-threads.x86_64 0:1.87-4.el7
1534778031,,ui,message,    amazon-ebs:   perl-threads-shared.x86_64 0:1.43-6.el7
1534778031,,ui,message,    amazon-ebs:   vim-common.x86_64 2:7.4.160-4.el7
1534778031,,ui,message,    amazon-ebs:   vim-filesystem.x86_64 2:7.4.160-4.el7
1534778031,,ui,message,    amazon-ebs:
1534778031,,ui,message,    amazon-ebs: Complete!
1534778031,,ui,message,    amazon-ebs: Loaded plugins: amazon-id%!(PACKER_COMMA) rhui-lb%!(PACKER_COMMA) search-disabled-repos
1534778032,,ui,message,    amazon-ebs: Examining /var/tmp/yum-root-nveblN/epel-release-latest-7.noarch.rpm: epel-release-7-11.noarch
1534778032,,ui,message,    amazon-ebs: Marking /var/tmp/yum-root-nveblN/epel-release-latest-7.noarch.rpm to be installed
1534778032,,ui,message,    amazon-ebs: Resolving Dependencies
1534778032,,ui,message,    amazon-ebs: --> Running transaction check
1534778032,,ui,message,    amazon-ebs: ---> Package epel-release.noarch 0:7-11 will be installed
1534778032,,ui,message,    amazon-ebs: --> Finished Dependency Resolution
1534778032,,ui,message,    amazon-ebs:
1534778032,,ui,message,    amazon-ebs: Dependencies Resolved
1534778032,,ui,message,    amazon-ebs:
1534778032,,ui,message,    amazon-ebs: ================================================================================
1534778032,,ui,message,    amazon-ebs:  Package          Arch       Version    Repository                         Size
1534778032,,ui,message,    amazon-ebs: ================================================================================
1534778032,,ui,message,    amazon-ebs: Installing:
1534778032,,ui,message,    amazon-ebs:  epel-release     noarch     7-11       /epel-release-latest-7.noarch      24 k
1534778032,,ui,message,    amazon-ebs:
1534778032,,ui,message,    amazon-ebs: Transaction Summary
1534778032,,ui,message,    amazon-ebs: ================================================================================
1534778032,,ui,message,    amazon-ebs: Install  1 Package
1534778032,,ui,message,    amazon-ebs:
1534778032,,ui,message,    amazon-ebs: Total size: 24 k
1534778032,,ui,message,    amazon-ebs: Installed size: 24 k
1534778032,,ui,message,    amazon-ebs: Downloading packages:
1534778032,,ui,message,    amazon-ebs: Running transaction check
1534778032,,ui,message,    amazon-ebs: Running transaction test
1534778032,,ui,message,    amazon-ebs: Transaction test succeeded
1534778032,,ui,message,    amazon-ebs: Running transaction
1534778032,,ui,message,    amazon-ebs:   Installing : epel-release-7-11.noarch                                     1/1
1534778032,,ui,message,    amazon-ebs:   Verifying  : epel-release-7-11.noarch                                     1/1
1534778032,,ui,message,    amazon-ebs:
1534778032,,ui,message,    amazon-ebs: Installed:
1534778032,,ui,message,    amazon-ebs:   epel-release.noarch 0:7-11
1534778032,,ui,message,    amazon-ebs:
1534778032,,ui,message,    amazon-ebs: Complete!
1534778032,,ui,message,    amazon-ebs: Loaded plugins: amazon-id%!(PACKER_COMMA) rhui-lb%!(PACKER_COMMA) search-disabled-repos
1534778033,,ui,message,    amazon-ebs: http://s3-mirror-us-east-1.fedoraproject.org/pub/epel/7/x86_64/repodata/repomd.xml: [Errno -1] repomd.xml does not match metalink for epel
1534778033,,ui,message,    amazon-ebs: Trying other mirror.
1534778063,,ui,message,    amazon-ebs: http://csc.mcs.sdsmt.edu/epel/7/x86_64/repodata/repomd.xml: [Errno 12] Timeout on http://csc.mcs.sdsmt.edu/epel/7/x86_64/repodata/repomd.xml: (28%!(PACKER_COMMA) 'Connection timed out after 30001 milliseconds')
1534778063,,ui,message,    amazon-ebs: Trying other mirror.
1534778067,,ui,message,    amazon-ebs: Resolving Dependencies
1534778067,,ui,message,    amazon-ebs: --> Running transaction check
1534778067,,ui,message,    amazon-ebs: ---> Package nginx.x86_64 1:1.12.2-2.el7 will be installed
1534778067,,ui,message,    amazon-ebs: --> Processing Dependency: nginx-filesystem = 1:1.12.2-2.el7 for package: 1:nginx-1.12.2-2.el7.x86_64
1534778067,,ui,message,    amazon-ebs: --> Processing Dependency: nginx-all-modules = 1:1.12.2-2.el7 for package: 1:nginx-1.12.2-2.el7.x86_64
1534778067,,ui,message,    amazon-ebs: --> Processing Dependency: nginx-filesystem for package: 1:nginx-1.12.2-2.el7.x86_64
1534778067,,ui,message,    amazon-ebs: --> Processing Dependency: libprofiler.so.0()(64bit) for package: 1:nginx-1.12.2-2.el7.x86_64
1534778067,,ui,message,    amazon-ebs: --> Running transaction check
1534778067,,ui,message,    amazon-ebs: ---> Package gperftools-libs.x86_64 0:2.6.1-1.el7 will be installed
1534778067,,ui,message,    amazon-ebs: ---> Package nginx-all-modules.noarch 1:1.12.2-2.el7 will be installed
1534778067,,ui,message,    amazon-ebs: --> Processing Dependency: nginx-mod-stream = 1:1.12.2-2.el7 for package: 1:nginx-all-modules-1.12.2-2.el7.noarch
1534778067,,ui,message,    amazon-ebs: --> Processing Dependency: nginx-mod-mail = 1:1.12.2-2.el7 for package: 1:nginx-all-modules-1.12.2-2.el7.noarch
1534778067,,ui,message,    amazon-ebs: --> Processing Dependency: nginx-mod-http-xslt-filter = 1:1.12.2-2.el7 for package: 1:nginx-all-modules-1.12.2-2.el7.noarch
1534778067,,ui,message,    amazon-ebs: --> Processing Dependency: nginx-mod-http-perl = 1:1.12.2-2.el7 for package: 1:nginx-all-modules-1.12.2-2.el7.noarch
1534778067,,ui,message,    amazon-ebs: --> Processing Dependency: nginx-mod-http-image-filter = 1:1.12.2-2.el7 for package: 1:nginx-all-modules-1.12.2-2.el7.noarch
1534778067,,ui,message,    amazon-ebs: --> Processing Dependency: nginx-mod-http-geoip = 1:1.12.2-2.el7 for package: 1:nginx-all-modules-1.12.2-2.el7.noarch
1534778067,,ui,message,    amazon-ebs: ---> Package nginx-filesystem.noarch 1:1.12.2-2.el7 will be installed
1534778067,,ui,message,    amazon-ebs: --> Running transaction check
1534778067,,ui,message,    amazon-ebs: ---> Package nginx-mod-http-geoip.x86_64 1:1.12.2-2.el7 will be installed
1534778067,,ui,message,    amazon-ebs: ---> Package nginx-mod-http-image-filter.x86_64 1:1.12.2-2.el7 will be installed
1534778067,,ui,message,    amazon-ebs: --> Processing Dependency: gd for package: 1:nginx-mod-http-image-filter-1.12.2-2.el7.x86_64
1534778067,,ui,message,    amazon-ebs: --> Processing Dependency: libgd.so.2()(64bit) for package: 1:nginx-mod-http-image-filter-1.12.2-2.el7.x86_64
1534778067,,ui,message,    amazon-ebs: ---> Package nginx-mod-http-perl.x86_64 1:1.12.2-2.el7 will be installed
1534778067,,ui,message,    amazon-ebs: ---> Package nginx-mod-http-xslt-filter.x86_64 1:1.12.2-2.el7 will be installed
1534778067,,ui,message,    amazon-ebs: ---> Package nginx-mod-mail.x86_64 1:1.12.2-2.el7 will be installed
1534778067,,ui,message,    amazon-ebs: ---> Package nginx-mod-stream.x86_64 1:1.12.2-2.el7 will be installed
1534778067,,ui,message,    amazon-ebs: --> Running transaction check
1534778067,,ui,message,    amazon-ebs: ---> Package gd.x86_64 0:2.0.35-26.el7 will be installed
1534778067,,ui,message,    amazon-ebs: --> Processing Dependency: libjpeg.so.62(LIBJPEG_6.2)(64bit) for package: gd-2.0.35-26.el7.x86_64
1534778067,,ui,message,    amazon-ebs: --> Processing Dependency: libpng15.so.15(PNG15_0)(64bit) for package: gd-2.0.35-26.el7.x86_64
1534778067,,ui,message,    amazon-ebs: --> Processing Dependency: libX11.so.6()(64bit) for package: gd-2.0.35-26.el7.x86_64
1534778067,,ui,message,    amazon-ebs: --> Processing Dependency: libXpm.so.4()(64bit) for package: gd-2.0.35-26.el7.x86_64
1534778067,,ui,message,    amazon-ebs: --> Processing Dependency: libfontconfig.so.1()(64bit) for package: gd-2.0.35-26.el7.x86_64
1534778067,,ui,message,    amazon-ebs: --> Processing Dependency: libjpeg.so.62()(64bit) for package: gd-2.0.35-26.el7.x86_64
1534778067,,ui,message,    amazon-ebs: --> Processing Dependency: libpng15.so.15()(64bit) for package: gd-2.0.35-26.el7.x86_64
1534778067,,ui,message,    amazon-ebs: --> Running transaction check
1534778067,,ui,message,    amazon-ebs: ---> Package fontconfig.x86_64 0:2.10.95-11.el7 will be installed
1534778067,,ui,message,    amazon-ebs: --> Processing Dependency: font(:lang=en) for package: fontconfig-2.10.95-11.el7.x86_64
1534778067,,ui,message,    amazon-ebs: --> Processing Dependency: fontpackages-filesystem for package: fontconfig-2.10.95-11.el7.x86_64
1534778067,,ui,message,    amazon-ebs: ---> Package libX11.x86_64 0:1.6.5-1.el7 will be installed
1534778067,,ui,message,    amazon-ebs: --> Processing Dependency: libX11-common >= 1.6.5-1.el7 for package: libX11-1.6.5-1.el7.x86_64
1534778067,,ui,message,    amazon-ebs: --> Processing Dependency: libxcb.so.1()(64bit) for package: libX11-1.6.5-1.el7.x86_64
1534778067,,ui,message,    amazon-ebs: ---> Package libXpm.x86_64 0:3.5.12-1.el7 will be installed
1534778067,,ui,message,    amazon-ebs: ---> Package libjpeg-turbo.x86_64 0:1.2.90-5.el7 will be installed
1534778067,,ui,message,    amazon-ebs: ---> Package libpng.x86_64 2:1.5.13-7.el7_2 will be installed
1534778067,,ui,message,    amazon-ebs: --> Running transaction check
1534778067,,ui,message,    amazon-ebs: ---> Package fontpackages-filesystem.noarch 0:1.44-8.el7 will be installed
1534778067,,ui,message,    amazon-ebs: ---> Package libX11-common.noarch 0:1.6.5-1.el7 will be installed
1534778067,,ui,message,    amazon-ebs: ---> Package libxcb.x86_64 0:1.12-1.el7 will be installed
1534778067,,ui,message,    amazon-ebs: --> Processing Dependency: libXau.so.6()(64bit) for package: libxcb-1.12-1.el7.x86_64
1534778067,,ui,message,    amazon-ebs: ---> Package zvbi-fonts.noarch 0:0.2.35-1.el7 will be installed
1534778067,,ui,message,    amazon-ebs: --> Running transaction check
1534778068,,ui,message,    amazon-ebs: ---> Package libXau.x86_64 0:1.0.8-2.1.el7 will be installed
1534778068,,ui,message,    amazon-ebs: --> Finished Dependency Resolution
1534778068,,ui,message,    amazon-ebs:
1534778068,,ui,message,    amazon-ebs: Dependencies Resolved
1534778068,,ui,message,    amazon-ebs:
1534778068,,ui,message,    amazon-ebs: ================================================================================
1534778068,,ui,message,    amazon-ebs:  Package           Arch   Version        Repository                        Size
1534778068,,ui,message,    amazon-ebs: ================================================================================
1534778068,,ui,message,    amazon-ebs: Installing:
1534778068,,ui,message,    amazon-ebs:  nginx             x86_64 1:1.12.2-2.el7 epel                             530 k
1534778068,,ui,message,    amazon-ebs: Installing for dependencies:
1534778068,,ui,message,    amazon-ebs:  fontconfig        x86_64 2.10.95-11.el7 rhui-REGION-rhel-server-releases 229 k
1534778068,,ui,message,    amazon-ebs:  fontpackages-filesystem
1534778068,,ui,message,    amazon-ebs:                    noarch 1.44-8.el7     rhui-REGION-rhel-server-releases 9.9 k
1534778068,,ui,message,    amazon-ebs:  gd                x86_64 2.0.35-26.el7  rhui-REGION-rhel-server-releases 146 k
1534778068,,ui,message,    amazon-ebs:  gperftools-libs   x86_64 2.6.1-1.el7    rhui-REGION-rhel-server-releases 272 k
1534778068,,ui,message,    amazon-ebs:  libX11            x86_64 1.6.5-1.el7    rhui-REGION-rhel-server-releases 606 k
1534778068,,ui,message,    amazon-ebs:  libX11-common     noarch 1.6.5-1.el7    rhui-REGION-rhel-server-releases 164 k
1534778068,,ui,message,    amazon-ebs:  libXau            x86_64 1.0.8-2.1.el7  rhui-REGION-rhel-server-releases  29 k
1534778068,,ui,message,    amazon-ebs:  libXpm            x86_64 3.5.12-1.el7   rhui-REGION-rhel-server-releases  56 k
1534778068,,ui,message,    amazon-ebs:  libjpeg-turbo     x86_64 1.2.90-5.el7   rhui-REGION-rhel-server-releases 134 k
1534778068,,ui,message,    amazon-ebs:  libpng            x86_64 2:1.5.13-7.el7_2
1534778068,,ui,message,    amazon-ebs:                                          rhui-REGION-rhel-server-releases 213 k
1534778068,,ui,message,    amazon-ebs:  libxcb            x86_64 1.12-1.el7     rhui-REGION-rhel-server-releases 211 k
1534778068,,ui,message,    amazon-ebs:  nginx-all-modules noarch 1:1.12.2-2.el7 epel                              16 k
1534778068,,ui,message,    amazon-ebs:  nginx-filesystem  noarch 1:1.12.2-2.el7 epel                              17 k
1534778068,,ui,message,    amazon-ebs:  nginx-mod-http-geoip
1534778068,,ui,message,    amazon-ebs:                    x86_64 1:1.12.2-2.el7 epel                              23 k
1534778068,,ui,message,    amazon-ebs:  nginx-mod-http-image-filter
1534778068,,ui,message,    amazon-ebs:                    x86_64 1:1.12.2-2.el7 epel                              26 k
1534778068,,ui,message,    amazon-ebs:  nginx-mod-http-perl
1534778068,,ui,message,    amazon-ebs:                    x86_64 1:1.12.2-2.el7 epel                              36 k
1534778068,,ui,message,    amazon-ebs:  nginx-mod-http-xslt-filter
1534778068,,ui,message,    amazon-ebs:                    x86_64 1:1.12.2-2.el7 epel                              26 k
1534778068,,ui,message,    amazon-ebs:  nginx-mod-mail    x86_64 1:1.12.2-2.el7 epel                              54 k
1534778068,,ui,message,    amazon-ebs:  nginx-mod-stream  x86_64 1:1.12.2-2.el7 epel                              76 k
1534778068,,ui,message,    amazon-ebs:  zvbi-fonts        noarch 0.2.35-1.el7   epel                             116 k
1534778068,,ui,message,    amazon-ebs:
1534778068,,ui,message,    amazon-ebs: Transaction Summary
1534778068,,ui,message,    amazon-ebs: ================================================================================
1534778068,,ui,message,    amazon-ebs: Install  1 Package (+20 Dependent packages)
1534778068,,ui,message,    amazon-ebs:
1534778068,,ui,message,    amazon-ebs: Total download size: 2.9 M
1534778068,,ui,message,    amazon-ebs: Installed size: 9.0 M
1534778068,,ui,message,    amazon-ebs: Downloading packages:
1534778068,,ui,message,    amazon-ebs: warning: /var/cache/yum/x86_64/7Server/epel/packages/nginx-1.12.2-2.el7.x86_64.rpm: Header V3 RSA/SHA256 Signature%!(PACKER_COMMA) key ID 352c64e5: NOKEY
1534778068,,ui,message,    amazon-ebs: Public key for nginx-1.12.2-2.el7.x86_64.rpm is not installed
1534778069,,ui,message,    amazon-ebs: Importing GPG key 0x352C64E5:
1534778069,,ui,message,    amazon-ebs:  Userid     : "Fedora EPEL (7) <epel@fedoraproject.org>"
1534778069,,ui,message,    amazon-ebs:  Fingerprint: 91e9 7d7c 4a5e 96f1 7f3e 888f 6a2f aea2 352c 64e5
1534778069,,ui,message,    amazon-ebs:  Package    : epel-release-7-11.noarch (installed)
1534778069,,ui,message,    amazon-ebs: --------------------------------------------------------------------------------
1534778069,,ui,message,    amazon-ebs:  From       : /etc/pki/rpm-gpg/RPM-GPG-KEY-EPEL-7
1534778069,,ui,message,    amazon-ebs: Total                                              3.1 MB/s | 2.9 MB  00:00
1534778069,,ui,message,    amazon-ebs: Retrieving key from file:///etc/pki/rpm-gpg/RPM-GPG-KEY-EPEL-7
1534778069,,ui,message,    amazon-ebs: Running transaction check
1534778069,,ui,message,    amazon-ebs: Running transaction test
1534778069,,ui,message,    amazon-ebs: Transaction test succeeded
1534778069,,ui,message,    amazon-ebs: Running transaction
1534778069,,ui,message,    amazon-ebs:   Installing : fontpackages-filesystem-1.44-8.el7.noarch                   1/21
1534778070,,ui,message,    amazon-ebs:   Installing : fontconfig-2.10.95-11.el7.x86_64                            2/21
1534778071,,ui,message,    amazon-ebs:   Installing : zvbi-fonts-0.2.35-1.el7.noarch                              3/21
1534778071,,ui,message,    amazon-ebs:   Installing : libX11-common-1.6.5-1.el7.noarch                            4/21
1534778071,,ui,message,    amazon-ebs:   Installing : libXau-1.0.8-2.1.el7.x86_64                                 5/21
1534778071,,ui,message,    amazon-ebs:   Installing : libxcb-1.12-1.el7.x86_64                                    6/21
1534778071,,ui,message,    amazon-ebs:   Installing : libX11-1.6.5-1.el7.x86_64                                   7/21
1534778071,,ui,message,    amazon-ebs:   Installing : libXpm-3.5.12-1.el7.x86_64                                  8/21
1534778071,,ui,message,    amazon-ebs:   Installing : gperftools-libs-2.6.1-1.el7.x86_64                          9/21
1534778072,,ui,message,    amazon-ebs:   Installing : libjpeg-turbo-1.2.90-5.el7.x86_64                          10/21
1534778072,,ui,message,    amazon-ebs:   Installing : 2:libpng-1.5.13-7.el7_2.x86_64                             11/21
1534778072,,ui,message,    amazon-ebs:   Installing : gd-2.0.35-26.el7.x86_64                                    12/21
1534778072,,ui,message,    amazon-ebs:   Installing : 1:nginx-filesystem-1.12.2-2.el7.noarch                     13/21
1534778072,,ui,message,    amazon-ebs:   Installing : 1:nginx-mod-mail-1.12.2-2.el7.x86_64                       14/21
1534778072,,ui,message,    amazon-ebs:   Installing : 1:nginx-mod-http-geoip-1.12.2-2.el7.x86_64                 15/21
1534778072,,ui,message,    amazon-ebs:   Installing : 1:nginx-mod-http-xslt-filter-1.12.2-2.el7.x86_64           16/21
1534778072,,ui,message,    amazon-ebs:   Installing : 1:nginx-mod-http-perl-1.12.2-2.el7.x86_64                  17/21
1534778072,,ui,message,    amazon-ebs:   Installing : 1:nginx-mod-stream-1.12.2-2.el7.x86_64                     18/21
1534778072,,ui,message,    amazon-ebs:   Installing : 1:nginx-1.12.2-2.el7.x86_64                                19/21
1534778072,,ui,message,    amazon-ebs:   Installing : 1:nginx-mod-http-image-filter-1.12.2-2.el7.x86_64          20/21
1534778072,,ui,message,    amazon-ebs:   Installing : 1:nginx-all-modules-1.12.2-2.el7.noarch                    21/21
1534778072,,ui,message,    amazon-ebs:   Verifying  : libXpm-3.5.12-1.el7.x86_64                                  1/21
1534778072,,ui,message,    amazon-ebs:   Verifying  : libX11-1.6.5-1.el7.x86_64                                   2/21
1534778072,,ui,message,    amazon-ebs:   Verifying  : 1:nginx-filesystem-1.12.2-2.el7.noarch                      3/21
1534778072,,ui,message,    amazon-ebs:   Verifying  : gd-2.0.35-26.el7.x86_64                                     4/21
1534778072,,ui,message,    amazon-ebs:   Verifying  : 2:libpng-1.5.13-7.el7_2.x86_64                              5/21
1534778072,,ui,message,    amazon-ebs:   Verifying  : zvbi-fonts-0.2.35-1.el7.noarch                              6/21
1534778072,,ui,message,    amazon-ebs:   Verifying  : libjpeg-turbo-1.2.90-5.el7.x86_64                           7/21
1534778072,,ui,message,    amazon-ebs:   Verifying  : fontconfig-2.10.95-11.el7.x86_64                            8/21
1534778072,,ui,message,    amazon-ebs:   Verifying  : gperftools-libs-2.6.1-1.el7.x86_64                          9/21
1534778072,,ui,message,    amazon-ebs:   Verifying  : 1:nginx-1.12.2-2.el7.x86_64                                10/21
1534778072,,ui,message,    amazon-ebs:   Verifying  : libXau-1.0.8-2.1.el7.x86_64                                11/21
1534778072,,ui,message,    amazon-ebs:   Verifying  : 1:nginx-mod-mail-1.12.2-2.el7.x86_64                       12/21
1534778072,,ui,message,    amazon-ebs:   Verifying  : libxcb-1.12-1.el7.x86_64                                   13/21
1534778072,,ui,message,    amazon-ebs:   Verifying  : 1:nginx-all-modules-1.12.2-2.el7.noarch                    14/21
1534778072,,ui,message,    amazon-ebs:   Verifying  : 1:nginx-mod-http-geoip-1.12.2-2.el7.x86_64                 15/21
1534778072,,ui,message,    amazon-ebs:   Verifying  : 1:nginx-mod-http-xslt-filter-1.12.2-2.el7.x86_64           16/21
1534778072,,ui,message,    amazon-ebs:   Verifying  : 1:nginx-mod-http-image-filter-1.12.2-2.el7.x86_64          17/21
1534778072,,ui,message,    amazon-ebs:   Verifying  : 1:nginx-mod-http-perl-1.12.2-2.el7.x86_64                  18/21
1534778072,,ui,message,    amazon-ebs:   Verifying  : libX11-common-1.6.5-1.el7.noarch                           19/21
1534778072,,ui,message,    amazon-ebs:   Verifying  : fontpackages-filesystem-1.44-8.el7.noarch                  20/21
1534778072,,ui,message,    amazon-ebs:   Verifying  : 1:nginx-mod-stream-1.12.2-2.el7.x86_64                     21/21
1534778072,,ui,message,    amazon-ebs:
1534778072,,ui,message,    amazon-ebs: Installed:
1534778072,,ui,message,    amazon-ebs:   nginx.x86_64 1:1.12.2-2.el7
1534778072,,ui,message,    amazon-ebs:
1534778072,,ui,message,    amazon-ebs: Dependency Installed:
1534778072,,ui,message,    amazon-ebs:   fontconfig.x86_64 0:2.10.95-11.el7
1534778072,,ui,message,    amazon-ebs:   fontpackages-filesystem.noarch 0:1.44-8.el7
1534778072,,ui,message,    amazon-ebs:   gd.x86_64 0:2.0.35-26.el7
1534778072,,ui,message,    amazon-ebs:   gperftools-libs.x86_64 0:2.6.1-1.el7
1534778072,,ui,message,    amazon-ebs:   libX11.x86_64 0:1.6.5-1.el7
1534778072,,ui,message,    amazon-ebs:   libX11-common.noarch 0:1.6.5-1.el7
1534778072,,ui,message,    amazon-ebs:   libXau.x86_64 0:1.0.8-2.1.el7
1534778072,,ui,message,    amazon-ebs:   libXpm.x86_64 0:3.5.12-1.el7
1534778072,,ui,message,    amazon-ebs:   libjpeg-turbo.x86_64 0:1.2.90-5.el7
1534778072,,ui,message,    amazon-ebs:   libpng.x86_64 2:1.5.13-7.el7_2
1534778072,,ui,message,    amazon-ebs:   libxcb.x86_64 0:1.12-1.el7
1534778072,,ui,message,    amazon-ebs: --2018-08-20 15:14:32--  https://github.com/BlackrockDigital/startbootstrap-coming-soon/archive/gh-pages.zip
1534778072,,ui,message,    amazon-ebs: Resolving github.com (github.com)... 192.30.253.113%!(PACKER_COMMA) 192.30.253.112
1534778072,,ui,message,    amazon-ebs: Connecting to github.com (github.com)|192.30.253.113|:443... connected.
1534778072,,ui,message,    amazon-ebs:   nginx-all-modules.noarch 1:1.12.2-2.el7
1534778072,,ui,message,    amazon-ebs:   nginx-filesystem.noarch 1:1.12.2-2.el7
1534778072,,ui,message,    amazon-ebs:   nginx-mod-http-geoip.x86_64 1:1.12.2-2.el7
1534778072,,ui,message,    amazon-ebs: HTTP request sent%!(PACKER_COMMA) awaiting response... 302 Found
1534778073,,ui,message,    amazon-ebs:   nginx-mod-http-image-filter.x86_64 1:1.12.2-2.el7
1534778073,,ui,message,    amazon-ebs: Location: https://codeload.github.com/BlackrockDigital/startbootstrap-coming-soon/zip/gh-pages [following]
1534778073,,ui,message,    amazon-ebs:   nginx-mod-http-perl.x86_64 1:1.12.2-2.el7
1534778073,,ui,message,    amazon-ebs:   nginx-mod-http-xslt-filter.x86_64 1:1.12.2-2.el7
1534778073,,ui,message,    amazon-ebs: --2018-08-20 15:14:32--  https://codeload.github.com/BlackrockDigital/startbootstrap-coming-soon/zip/gh-pages
1534778073,,ui,message,    amazon-ebs: Resolving codeload.github.com (codeload.github.com)... 192.30.253.120%!(PACKER_COMMA) 192.30.253.121
1534778073,,ui,message,    amazon-ebs: Connecting to codeload.github.com (codeload.github.com)|192.30.253.120|:443... connected.
1534778073,,ui,message,    amazon-ebs:   nginx-mod-mail.x86_64 1:1.12.2-2.el7
1534778073,,ui,message,    amazon-ebs:   nginx-mod-stream.x86_64 1:1.12.2-2.el7
1534778073,,ui,message,    amazon-ebs:   zvbi-fonts.noarch 0:0.2.35-1.el7
1534778073,,ui,message,    amazon-ebs:
1534778073,,ui,message,    amazon-ebs: Complete!
1534778073,,ui,message,    amazon-ebs: HTTP request sent%!(PACKER_COMMA) awaiting response... 200 OK
1534778073,,ui,message,    amazon-ebs: Length: unspecified [application/zip]
1534778073,,ui,message,    amazon-ebs: Saving to: ‘gh-pages.zip’
1534778073,,ui,message,    amazon-ebs:
1534778073,,ui,message,    amazon-ebs:      0K .......... .......... .......... .......... .......... 14.7M
1534778073,,ui,message,    amazon-ebs:     50K .......... .......... .......... .......... .......... 13.6M
1534778073,,ui,message,    amazon-ebs:    100K .......... .......... .......... .......... .......... 12.9M
1534778073,,ui,message,    amazon-ebs:    150K .......... .......... .......... .......... .......... 25.0M
1534778073,,ui,message,    amazon-ebs:    200K .......... .......... .......... .......... .......... 13.5M
1534778073,,ui,message,    amazon-ebs:    250K .......... .......... .......... .......... .......... 24.7M
1534778073,,ui,message,    amazon-ebs:    300K .......... .......... .......... .......... .......... 20.9M
1534778073,,ui,message,    amazon-ebs:    350K .......... .......... .......... .......... .......... 21.3M
1534778073,,ui,message,    amazon-ebs:    400K .......... .......... .......... .......... .......... 20.5M
1534778073,,ui,message,    amazon-ebs:    450K .......... .......... .......... .......... .......... 20.4M
1534778073,,ui,message,    amazon-ebs:    500K .......... .......... .......... .......... .......... 22.3M
1534778073,,ui,message,    amazon-ebs:    550K .......... .......... .......... .......... .......... 20.5M
1534778073,,ui,message,    amazon-ebs:    600K .......... .......... .......... .......... .......... 21.9M
1534778073,,ui,message,    amazon-ebs:    650K .......... .......... .......... .......... .......... 23.3M
1534778073,,ui,message,    amazon-ebs:    700K .......... .......... .......... .......... .......... 20.7M
1534778073,,ui,message,    amazon-ebs:    750K .......... .......... .......... .......... .......... 22.4M
1534778073,,ui,message,    amazon-ebs:    800K .......... .......... .......... .......... .......... 22.0M
1534778073,,ui,message,    amazon-ebs:    850K .......... .......... .......... .......... ..........  128M
1534778073,,ui,message,    amazon-ebs:    900K .......... .......... .......... .......... .......... 18.8M
1534778073,,ui,message,    amazon-ebs:    950K .......... .......... .......... .......... .......... 21.8M
1534778073,,ui,message,    amazon-ebs:   1000K .......... .......... .......... .......... ..........  142M
1534778073,,ui,message,    amazon-ebs:   1050K .......... .......... .......... .......... .......... 21.5M
1534778073,,ui,message,    amazon-ebs:   1100K .......... .......... .......... .......... .......... 19.4M
1534778073,,ui,message,    amazon-ebs:   1150K .......... .......... .......... .......... ..........  132M
1534778073,,ui,message,    amazon-ebs:   1200K .......... .......... .......... .......... .......... 19.1M
1534778073,,ui,message,    amazon-ebs:   1250K .......... .......... .......... .......... .......... 17.7M
1534778073,,ui,message,    amazon-ebs:   1300K .......... .......... .......... .......... ..........  133M
1534778073,,ui,message,    amazon-ebs: Archive:  gh-pages.zip
1534778073,,ui,message,    amazon-ebs:   1350K .......... .......... .......... .......... .......... 18.1M
1534778073,,ui,message,    amazon-ebs:   1400K .......... .......... .......... .......... ..........  125M
1534778073,,ui,message,    amazon-ebs:   1450K .......... .......... .......... .......... .......... 20.0M
1534778073,,ui,message,    amazon-ebs: e409d012b1dd6ae4d201471342a5da4cfea7961d
1534778073,,ui,message,    amazon-ebs:   1500K .......... .......... .......... .......... ..........  129M
1534778073,,ui,message,    amazon-ebs:   1550K .......... .......... .......... .......... .......... 18.5M
1534778073,,ui,message,    amazon-ebs:   1600K .......... .......... .......... .......... ..........  254M
1534778073,,ui,message,    amazon-ebs:    creating: startbootstrap-coming-soon-gh-pages/
1534778073,,ui,message,    amazon-ebs:  extracting: startbootstrap-coming-soon-gh-pages/.gitignore
1534778073,,ui,message,    amazon-ebs:   inflating: startbootstrap-coming-soon-gh-pages/.travis.yml
1534778073,,ui,message,    amazon-ebs:   1650K .......... .......... .......... .......... .......... 17.5M
1534778073,,ui,message,    amazon-ebs:   1700K .......... .......... .......... .......... ..........  322M
1534778073,,ui,message,    amazon-ebs:   1750K .......... .......... .......... .......... .......... 17.3M
1534778073,,ui,message,    amazon-ebs:   1800K .......... .......... .......... .......... ..........  279M
1534778073,,ui,message,    amazon-ebs:   1850K .......... .......... .......... .......... ..........  347M
1534778073,,ui,message,    amazon-ebs:   inflating: startbootstrap-coming-soon-gh-pages/LICENSE
1534778073,,ui,message,    amazon-ebs:   1900K .......... .......... .......... .......... .......... 15.1M
1534778073,,ui,message,    amazon-ebs:   1950K .......... .......... .......... .......... ..........  327M
1534778073,,ui,message,    amazon-ebs:   2000K .......... .......... .......... .......... .......... 16.9M
1534778073,,ui,message,    amazon-ebs:   inflating: startbootstrap-coming-soon-gh-pages/README.md
1534778073,,ui,message,    amazon-ebs:    creating: startbootstrap-coming-soon-gh-pages/css/
1534778073,,ui,message,    amazon-ebs:   inflating: startbootstrap-coming-soon-gh-pages/css/coming-soon.css
1534778073,,ui,message,    amazon-ebs:   inflating: startbootstrap-coming-soon-gh-pages/css/coming-soon.min.css
1534778073,,ui,message,    amazon-ebs:   2050K .......... .......... .......... .......... ..........  298M
1534778073,,ui,message,    amazon-ebs:   inflating: startbootstrap-coming-soon-gh-pages/gulpfile.js
1534778073,,ui,message,    amazon-ebs:    creating: startbootstrap-coming-soon-gh-pages/img/
1534778073,,ui,message,    amazon-ebs:   inflating: startbootstrap-coming-soon-gh-pages/img/bg-mobile-fallback.jpg
1534778073,,ui,message,    amazon-ebs:   inflating: startbootstrap-coming-soon-gh-pages/index.html
1534778073,,ui,message,    amazon-ebs:   2100K .......... .......... .......... .......... .......... 14.9M
1534778073,,ui,message,    amazon-ebs:    creating: startbootstrap-coming-soon-gh-pages/js/
1534778073,,ui,message,    amazon-ebs:   2150K .......... .......... .......... .......... ..........  292M
1534778073,,ui,message,    amazon-ebs:   2200K .......... .......... .......... .......... ..........  313M
1534778073,,ui,message,    amazon-ebs:   2250K .......... .......... .......... .......... .......... 15.9M
1534778073,,ui,message,    amazon-ebs:   inflating: startbootstrap-coming-soon-gh-pages/js/coming-soon.js
1534778073,,ui,message,    amazon-ebs:   2300K .......... .......... .......... .......... ..........  309M
1534778073,,ui,message,    amazon-ebs:   2350K .......... .......... .......... .......... ..........  340M
1534778074,,ui,message,    amazon-ebs:   2400K .......... .......... .......... .......... .......... 14.9M
1534778074,,ui,message,    amazon-ebs:  extracting: startbootstrap-coming-soon-gh-pages/js/coming-soon.min.js
1534778074,,ui,message,    amazon-ebs:    creating: startbootstrap-coming-soon-gh-pages/mp4/
1534778074,,ui,message,    amazon-ebs:   2450K .......... .......... .......... .......... ..........  327M
1534778074,,ui,message,    amazon-ebs:   2500K .......... .......... .......... .......... ..........  305M
1534778074,,ui,message,    amazon-ebs:   inflating: startbootstrap-coming-soon-gh-pages/mp4/bg.mp4
1534778074,,ui,message,    amazon-ebs:   inflating: startbootstrap-coming-soon-gh-pages/package-lock.json
1534778074,,ui,message,    amazon-ebs:   2550K .......... .......... .......... .......... .......... 14.1M
1534778074,,ui,message,    amazon-ebs:   inflating: startbootstrap-coming-soon-gh-pages/package.json
1534778074,,ui,message,    amazon-ebs:   2600K .......... .......... .......... .......... ..........  309M
1534778074,,ui,message,    amazon-ebs:   2650K .......... .......... .......... .......... ..........  342M
1534778074,,ui,message,    amazon-ebs:    creating: startbootstrap-coming-soon-gh-pages/scss/
1534778074,,ui,message,    amazon-ebs:   2700K .......... .......... .......... .......... .......... 13.9M
1534778074,,ui,message,    amazon-ebs:   2750K .......... .......... .......... .......... ..........  352M
1534778074,,ui,message,    amazon-ebs:   inflating: startbootstrap-coming-soon-gh-pages/scss/_bootstrap-overrides.scss
1534778074,,ui,message,    amazon-ebs:   inflating: startbootstrap-coming-soon-gh-pages/scss/_global.scss
1534778074,,ui,message,    amazon-ebs:   2800K .......... .......... .......... .......... ..........  250M
1534778074,,ui,message,    amazon-ebs:   inflating: startbootstrap-coming-soon-gh-pages/scss/_masthead.scss
1534778074,,ui,message,    amazon-ebs:   2850K .......... .......... .......... .......... .......... 20.9M
1534778074,,ui,message,    amazon-ebs:   2900K .......... .......... .......... .......... ..........  136M
1534778074,,ui,message,    amazon-ebs:   2950K .......... .......... .......... .......... .......... 10.4M
1534778074,,ui,message,    amazon-ebs:   inflating: startbootstrap-coming-soon-gh-pages/scss/_mixins.scss
1534778074,,ui,message,    amazon-ebs:   3000K .......... .......... .......... .......... ..........  333M
1534778074,,ui,message,    amazon-ebs:   inflating: startbootstrap-coming-soon-gh-pages/scss/_social.scss
1534778074,,ui,message,    amazon-ebs:   inflating: startbootstrap-coming-soon-gh-pages/scss/_variables.scss
1534778074,,ui,message,    amazon-ebs:   3050K .......... .......... .......... .......... ..........  341M
1534778074,,ui,message,    amazon-ebs:   3100K .......... .......... .......... .......... ..........  376M
1534778074,,ui,message,    amazon-ebs:   3150K .......... .......... .......... .......... .......... 13.4M
1534778074,,ui,message,    amazon-ebs:   inflating: startbootstrap-coming-soon-gh-pages/scss/coming-soon.scss
1534778074,,ui,message,    amazon-ebs:    creating: startbootstrap-coming-soon-gh-pages/vendor/
1534778074,,ui,message,    amazon-ebs:   3200K .......... .......... .......... .......... ..........  301M
1534778074,,ui,message,    amazon-ebs:    creating: startbootstrap-coming-soon-gh-pages/vendor/bootstrap/
1534778074,,ui,message,    amazon-ebs:    creating: startbootstrap-coming-soon-gh-pages/vendor/bootstrap/css/
1534778074,,ui,message,    amazon-ebs:   inflating: startbootstrap-coming-soon-gh-pages/vendor/bootstrap/css/bootstrap-grid.css
1534778074,,ui,message,    amazon-ebs:   3250K .......... .......... .......... .......... ..........  350M
1534778074,,ui,message,    amazon-ebs:   inflating: startbootstrap-coming-soon-gh-pages/vendor/bootstrap/css/bootstrap-grid.css.map
1534778074,,ui,message,    amazon-ebs:   inflating: startbootstrap-coming-soon-gh-pages/vendor/bootstrap/css/bootstrap-grid.min.css
1534778074,,ui,message,    amazon-ebs:   inflating: startbootstrap-coming-soon-gh-pages/vendor/bootstrap/css/bootstrap-grid.min.css.map
1534778074,,ui,message,    amazon-ebs:   inflating: startbootstrap-coming-soon-gh-pages/vendor/bootstrap/css/bootstrap-reboot.css
1534778074,,ui,message,    amazon-ebs:   inflating: startbootstrap-coming-soon-gh-pages/vendor/bootstrap/css/bootstrap-reboot.css.map
1534778074,,ui,message,    amazon-ebs:   3300K .......... .......... .......... .......... .......... 12.6M
1534778074,,ui,message,    amazon-ebs:   3350K .......... .......... .......... .......... ..........  347M
1534778074,,ui,message,    amazon-ebs:   inflating: startbootstrap-coming-soon-gh-pages/vendor/bootstrap/css/bootstrap-reboot.min.css
1534778074,,ui,message,    amazon-ebs:   inflating: startbootstrap-coming-soon-gh-pages/vendor/bootstrap/css/bootstrap-reboot.min.css.map
1534778074,,ui,message,    amazon-ebs:   3400K .......... .......... .......... .......... ..........  308M
1534778074,,ui,message,    amazon-ebs:   3450K .......... .......... .......... .......... ..........  295M
1534778074,,ui,message,    amazon-ebs:   inflating: startbootstrap-coming-soon-gh-pages/vendor/bootstrap/css/bootstrap.css
1534778074,,ui,message,    amazon-ebs:   inflating: startbootstrap-coming-soon-gh-pages/vendor/bootstrap/css/bootstrap.css.map
1534778074,,ui,message,    amazon-ebs:   inflating: startbootstrap-coming-soon-gh-pages/vendor/bootstrap/css/bootstrap.min.css
1534778074,,ui,message,    amazon-ebs:   3500K .......... .......... .......... .......... .......... 13.0M
1534778074,,ui,message,    amazon-ebs:   inflating: startbootstrap-coming-soon-gh-pages/vendor/bootstrap/css/bootstrap.min.css.map
1534778074,,ui,message,    amazon-ebs:    creating: startbootstrap-coming-soon-gh-pages/vendor/bootstrap/js/
1534778074,,ui,message,    amazon-ebs:   3550K .......... .......... .......... .......... ..........  309M
1534778074,,ui,message,    amazon-ebs:   inflating: startbootstrap-coming-soon-gh-pages/vendor/bootstrap/js/bootstrap.bundle.js
1534778074,,ui,message,    amazon-ebs:   inflating: startbootstrap-coming-soon-gh-pages/vendor/bootstrap/js/bootstrap.bundle.js.map
1534778074,,ui,message,    amazon-ebs:   inflating: startbootstrap-coming-soon-gh-pages/vendor/bootstrap/js/bootstrap.bundle.min.js
1534778074,,ui,message,    amazon-ebs:   inflating: startbootstrap-coming-soon-gh-pages/vendor/bootstrap/js/bootstrap.bundle.min.js.map
1534778074,,ui,message,    amazon-ebs:   inflating: startbootstrap-coming-soon-gh-pages/vendor/bootstrap/js/bootstrap.js
1534778074,,ui,message,    amazon-ebs:   inflating: startbootstrap-coming-soon-gh-pages/vendor/bootstrap/js/bootstrap.js.map
1534778074,,ui,message,    amazon-ebs:   3600K .......... .......... .......... .......... ..........  265M
1534778074,,ui,message,    amazon-ebs:   3650K .......... .......... .......... .......... ..........  377M
1534778074,,ui,message,    amazon-ebs:   3700K .......... .......... .......... .......... .......... 12.3M
1534778074,,ui,message,    amazon-ebs:   3750K .......... .......... .......... .......... ..........  329M
1534778074,,ui,message,    amazon-ebs:   3800K .......... .......... .......... .......... ..........  300M
1534778074,,ui,message,    amazon-ebs:   inflating: startbootstrap-coming-soon-gh-pages/vendor/bootstrap/js/bootstrap.min.js
1534778074,,ui,message,    amazon-ebs:   inflating: startbootstrap-coming-soon-gh-pages/vendor/bootstrap/js/bootstrap.min.js.map
1534778074,,ui,message,    amazon-ebs:    creating: startbootstrap-coming-soon-gh-pages/vendor/font-awesome/
1534778074,,ui,message,    amazon-ebs:   3850K .......... .......... .......... .......... ..........  276M
1534778074,,ui,message,    amazon-ebs:    creating: startbootstrap-coming-soon-gh-pages/vendor/font-awesome/css/
1534778074,,ui,message,    amazon-ebs:   3900K .......... .......... .......... .......... .......... 11.2M
1534778074,,ui,message,    amazon-ebs:   3950K .......... .......... .......... .......... ..........  315M
1534778074,,ui,message,    amazon-ebs:   4000K .......... .......... .......... .......... ..........  272M
1534778074,,ui,message,    amazon-ebs:   4050K .......... .......... .......... .......... ..........  312M
1534778074,,ui,message,    amazon-ebs:   4100K .......... .......... .......... .......... ..........  304M
1534778074,,ui,message,    amazon-ebs:   inflating: startbootstrap-coming-soon-gh-pages/vendor/font-awesome/css/font-awesome.css
1534778074,,ui,message,    amazon-ebs:   4150K .......... .......... .......... .......... .......... 11.0M
1534778074,,ui,message,    amazon-ebs:   inflating: startbootstrap-coming-soon-gh-pages/vendor/font-awesome/css/font-awesome.css.map
1534778074,,ui,message,    amazon-ebs:   inflating: startbootstrap-coming-soon-gh-pages/vendor/font-awesome/css/font-awesome.min.css
1534778074,,ui,message,    amazon-ebs:    creating: startbootstrap-coming-soon-gh-pages/vendor/font-awesome/fonts/
1534778074,,ui,message,    amazon-ebs:   inflating: startbootstrap-coming-soon-gh-pages/vendor/font-awesome/fonts/FontAwesome.otf
1534778074,,ui,message,    amazon-ebs:   4200K .......... .......... .......... .......... ..........  277M
1534778074,,ui,message,    amazon-ebs:   4250K .......... .......... .......... .......... ..........  349M
1534778074,,ui,message,    amazon-ebs:   4300K .......... .......... .......... .......... ..........  299M
1534778074,,ui,message,    amazon-ebs:   4350K .......... .......... .......... .......... .......... 11.2M
1534778074,,ui,message,    amazon-ebs:   4400K .......... .......... .......... .......... ..........  265M
1534778074,,ui,message,    amazon-ebs:   inflating: startbootstrap-coming-soon-gh-pages/vendor/font-awesome/fonts/fontawesome-webfont.eot
1534778074,,ui,message,    amazon-ebs:   4450K .......... .......... .......... .......... ..........  318M
1534778074,,ui,message,    amazon-ebs:   inflating: startbootstrap-coming-soon-gh-pages/vendor/font-awesome/fonts/fontawesome-webfont.svg
1534778074,,ui,message,    amazon-ebs:   4500K .......... .......... .......... .......... ..........  358M
1534778074,,ui,message,    amazon-ebs:   inflating: startbootstrap-coming-soon-gh-pages/vendor/font-awesome/fonts/fontawesome-webfont.ttf
1534778074,,ui,message,    amazon-ebs:   4550K .......... .......... .......... .......... ..........  289M
1534778074,,ui,message,    amazon-ebs:   4600K .......... .......... .......... .......... .......... 10.7M
1534778074,,ui,message,    amazon-ebs:   inflating: startbootstrap-coming-soon-gh-pages/vendor/font-awesome/fonts/fontawesome-webfont.woff
1534778074,,ui,message,    amazon-ebs:   inflating: startbootstrap-coming-soon-gh-pages/vendor/font-awesome/fonts/fontawesome-webfont.woff2
1534778074,,ui,message,    amazon-ebs:    creating: startbootstrap-coming-soon-gh-pages/vendor/font-awesome/less/
1534778074,,ui,message,    amazon-ebs:   4650K .......... .......... .......... .......... ..........  363M
1534778074,,ui,message,    amazon-ebs:   4700K .......... .......... .......... .......... ..........  380M
1534778074,,ui,message,    amazon-ebs:   4750K .......... .......... .......... .......... ..........  352M
1534778074,,ui,message,    amazon-ebs:   inflating: startbootstrap-coming-soon-gh-pages/vendor/font-awesome/less/animated.less
1534778074,,ui,message,    amazon-ebs:   4800K .......... .......... .......... .......... ..........  305M
1534778074,,ui,message,    amazon-ebs:   4850K .......... .......... .......... .......... .......... 10.3M
1534778074,,ui,message,    amazon-ebs:   4900K .......... .......... .......... .......... ..........  259M
1534778074,,ui,message,    amazon-ebs:   inflating: startbootstrap-coming-soon-gh-pages/vendor/font-awesome/less/bordered-pulled.less
1534778074,,ui,message,    amazon-ebs:   inflating: startbootstrap-coming-soon-gh-pages/vendor/font-awesome/less/core.less
1534778074,,ui,message,    amazon-ebs:   4950K .......... .......... .......... .......... ..........  328M
1534778074,,ui,message,    amazon-ebs:   5000K .......... .......... .......... .......... ..........  308M
1534778074,,ui,message,    amazon-ebs:   5050K .......... .......... .......... .......... ..........  295M
1534778074,,ui,message,    amazon-ebs:   inflating: startbootstrap-coming-soon-gh-pages/vendor/font-awesome/less/fixed-width.less
1534778074,,ui,message,    amazon-ebs:   inflating: startbootstrap-coming-soon-gh-pages/vendor/font-awesome/less/font-awesome.less
1534778074,,ui,message,    amazon-ebs:   inflating: startbootstrap-coming-soon-gh-pages/vendor/font-awesome/less/icons.less
1534778074,,ui,message,    amazon-ebs:   5100K .......... .......... .......... .......... ..........  318M
1534778074,,ui,message,    amazon-ebs:   inflating: startbootstrap-coming-soon-gh-pages/vendor/font-awesome/less/larger.less
1534778074,,ui,message,    amazon-ebs:   inflating: startbootstrap-coming-soon-gh-pages/vendor/font-awesome/less/list.less
1534778074,,ui,message,    amazon-ebs:   inflating: startbootstrap-coming-soon-gh-pages/vendor/font-awesome/less/mixins.less
1534778074,,ui,message,    amazon-ebs:   inflating: startbootstrap-coming-soon-gh-pages/vendor/font-awesome/less/path.less
1534778074,,ui,message,    amazon-ebs:   5150K .......... .......... .......... .......... .......... 10.4M
1534778074,,ui,message,    amazon-ebs:   5200K .......... .......... .......... .......... ..........  259M
1534778074,,ui,message,    amazon-ebs:   5250K .......... .......... .......... .......... ..........  337M
1534778074,,ui,message,    amazon-ebs:   5300K .......... .......... .......... .......... ..........  389M
1534778074,,ui,message,    amazon-ebs:   5350K .......... .......... .......... .......... ..........  266M
1534778074,,ui,message,    amazon-ebs:   5400K .......... .......... .......... .......... .......... 9.61M
1534778074,,ui,message,    amazon-ebs:   5450K .......... .......... .......... .......... ..........  337M
1534778074,,ui,message,    amazon-ebs:   inflating: startbootstrap-coming-soon-gh-pages/vendor/font-awesome/less/rotated-flipped.less
1534778074,,ui,message,    amazon-ebs:   inflating: startbootstrap-coming-soon-gh-pages/vendor/font-awesome/less/screen-reader.less
1534778074,,ui,message,    amazon-ebs:   inflating: startbootstrap-coming-soon-gh-pages/vendor/font-awesome/less/stacked.less
1534778074,,ui,message,    amazon-ebs:   5500K .......... .......... .......... .......... ..........  358M
1534778074,,ui,message,    amazon-ebs:   inflating: startbootstrap-coming-soon-gh-pages/vendor/font-awesome/less/variables.less
1534778074,,ui,message,    amazon-ebs:   5550K .......... .......... .......... .......... ..........  294M
1534778074,,ui,message,    amazon-ebs:   5600K .......... .......... .......... .......... ..........  286M
1534778074,,ui,message,    amazon-ebs:    creating: startbootstrap-coming-soon-gh-pages/vendor/font-awesome/scss/
1534778074,,ui,message,    amazon-ebs:   5650K .......... .......... .......... .......... ..........  337M
1534778074,,ui,message,    amazon-ebs:   5700K .......... .......... .......... .......... .......... 9.34M
1534778074,,ui,message,    amazon-ebs:   inflating: startbootstrap-coming-soon-gh-pages/vendor/font-awesome/scss/_animated.scss
1534778074,,ui,message,    amazon-ebs:   inflating: startbootstrap-coming-soon-gh-pages/vendor/font-awesome/scss/_bordered-pulled.scss
1534778074,,ui,message,    amazon-ebs:   inflating: startbootstrap-coming-soon-gh-pages/vendor/font-awesome/scss/_core.scss
1534778074,,ui,message,    amazon-ebs:   5750K .......... .......... .......... .......... ..........  281M
1534778074,,ui,message,    amazon-ebs:   5800K .......... .......... .......... .......... ..........  318M
1534778074,,ui,message,    amazon-ebs:   5850K .......... .......... .......... .......... ..........  332M
1534778074,,ui,message,    amazon-ebs:   5900K .......... .......... .......... .......... ..........  293M
1534778074,,ui,message,    amazon-ebs:   5950K .......... .......... .......... .......... ..........  334M
1534778074,,ui,message,    amazon-ebs:   6000K .......... .......... .......... .......... .......... 22.6M
1534778074,,ui,message,    amazon-ebs:   inflating: startbootstrap-coming-soon-gh-pages/vendor/font-awesome/scss/_fixed-width.scss
1534778074,,ui,message,    amazon-ebs:   inflating: startbootstrap-coming-soon-gh-pages/vendor/font-awesome/scss/_icons.scss
1534778074,,ui,message,    amazon-ebs:   inflating: startbootstrap-coming-soon-gh-pages/vendor/font-awesome/scss/_larger.scss
1534778074,,ui,message,    amazon-ebs:   inflating: startbootstrap-coming-soon-gh-pages/vendor/font-awesome/scss/_list.scss
1534778074,,ui,message,    amazon-ebs:   6050K .......... .......... .......... .......... ..........  262M
1534778074,,ui,message,    amazon-ebs:   6100K .......... .......... .......... .......... .......... 2.13M
1534778074,,ui,message,    amazon-ebs:   6150K .......... .......... .......... .......... ..........  126M
1534778074,,ui,message,    amazon-ebs:   inflating: startbootstrap-coming-soon-gh-pages/vendor/font-awesome/scss/_mixins.scss
1534778074,,ui,message,    amazon-ebs:   6200K .......... .......... .......... .......... ..........  135M
1534778074,,ui,message,    amazon-ebs:   6250K .......... .......... .......... .......... ..........  114M
1534778074,,ui,message,    amazon-ebs:   inflating: startbootstrap-coming-soon-gh-pages/vendor/font-awesome/scss/_path.scss
1534778074,,ui,message,    amazon-ebs:   inflating: startbootstrap-coming-soon-gh-pages/vendor/font-awesome/scss/_rotated-flipped.scss
1534778074,,ui,message,    amazon-ebs:   6300K .......... .......... .......... .......... ..........  211M
1534778074,,ui,message,    amazon-ebs:   inflating: startbootstrap-coming-soon-gh-pages/vendor/font-awesome/scss/_screen-reader.scss
1534778074,,ui,message,    amazon-ebs:   inflating: startbootstrap-coming-soon-gh-pages/vendor/font-awesome/scss/_stacked.scss
1534778074,,ui,message,    amazon-ebs:   6350K .......... .......... .......... .......... ..........  314M
1534778074,,ui,message,    amazon-ebs:   6400K .......... .......... .......... .......... .......... 10.2M
1534778074,,ui,message,    amazon-ebs:   inflating: startbootstrap-coming-soon-gh-pages/vendor/font-awesome/scss/_variables.scss
1534778074,,ui,message,    amazon-ebs:   inflating: startbootstrap-coming-soon-gh-pages/vendor/font-awesome/scss/font-awesome.scss
1534778074,,ui,message,    amazon-ebs:   6450K .......... .......... .......... .......... ..........  286M
1534778074,,ui,message,    amazon-ebs:    creating: startbootstrap-coming-soon-gh-pages/vendor/jquery/
1534778074,,ui,message,    amazon-ebs:   6500K .......... .......... .......... .......... ..........  287M
1534778074,,ui,message,    amazon-ebs:   inflating: startbootstrap-coming-soon-gh-pages/vendor/jquery/jquery.js
1534778074,,ui,message,    amazon-ebs:   inflating: startbootstrap-coming-soon-gh-pages/vendor/jquery/jquery.min.js
1534778074,,ui,message,    amazon-ebs:   6550K .......... .......... .......... .......... ..........  341M
1534778074,,ui,message,    amazon-ebs:   inflating: startbootstrap-coming-soon-gh-pages/vendor/jquery/jquery.min.map
1534778074,,ui,message,    amazon-ebs:   inflating: startbootstrap-coming-soon-gh-pages/vendor/jquery/jquery.slim.js
1534778074,,ui,message,    amazon-ebs:   inflating: startbootstrap-coming-soon-gh-pages/vendor/jquery/jquery.slim.min.js
1534778074,,ui,message,    amazon-ebs:   6600K .......... .......... .......... .......... ..........  254M
1534778074,,ui,message,    amazon-ebs:   6650K .......... .......... .......... .......... ..........  349M
1534778074,,ui,message,    amazon-ebs:   6700K .......... .......... .......... .......... ..........  226M
1534778075,,ui,message,    amazon-ebs:   inflating: startbootstrap-coming-soon-gh-pages/vendor/jquery/jquery.slim.min.map
1534778075,,ui,message,    amazon-ebs:   6750K .......... .......... .......... .......... .......... 8.50M
1534778075,,ui,message,    amazon-ebs:   6800K .......... .......... .......... .......... ..........  292M
1534778075,,ui,message,    amazon-ebs:   6850K .......... .......... .......... .......... ..........  300M
1534778075,,ui,message,    amazon-ebs:   6900K .......... .......... .......... .......... ..........  307M
1534778075,,ui,message,    amazon-ebs:   6950K .......... .......... .......... .......... ..........  315M
1534778075,,ui,message,    amazon-ebs:   7000K .......... .......... .......... .......... ..........  269M
1534778075,,ui,message,    amazon-ebs:   7050K .......... .......... .......... .......... ..........  338M
1534778075,,ui,message,    amazon-ebs:   7100K .......... .......... .......... .......... .......... 8.91M
1534778075,,ui,message,    amazon-ebs:   7150K .......... .......... .......... .......... ..........  270M
1534778075,,ui,message,    amazon-ebs:   7200K .......... .......... .......... .......... ..........  342M
1534778075,,ui,message,    amazon-ebs:   7250K .......... .......... .......... .......... ..........  370M
1534778075,,ui,message,    amazon-ebs:   7300K .......... .......... .......... .......... ..........  281M
1534778075,,ui,message,    amazon-ebs:   7350K .......... .......... .......... .......... ..........  355M
1534778075,,ui,message,    amazon-ebs:   7400K .......... .......... .......... .......... ..........  307M
1534778075,,ui,message,    amazon-ebs:   7450K .......... .......... .......... .......... ..........  339M
1534778075,,ui,message,    amazon-ebs:   7500K .......... .......... .......... .......... .......... 8.31M
1534778075,,ui,message,    amazon-ebs:   7550K .......... .......... .......... .......... ..........  301M
1534778075,,ui,message,    amazon-ebs:   7600K .......... .......... .......... .......... ..........  285M
1534778075,,ui,message,    amazon-ebs:   7650K .......... .......... .......... .......... ..........  345M
1534778075,,ui,message,    amazon-ebs:   7700K .......... .......... .......... .......... ..........  304M
1534778075,,ui,message,    amazon-ebs:   7750K .......... .......... .......... .......... ..........  327M
1534778075,,ui,message,    amazon-ebs:   7800K .......... .......... .......... .......... ..........  269M
1534778075,,ui,message,    amazon-ebs:   7850K .......... .......... .......... .......... ..........  336M
1534778075,,ui,message,    amazon-ebs:   7900K .......... .......... .......... .......... .......... 12.9M
1534778075,,ui,message,    amazon-ebs:   7950K .......... .......... .......... .......... ..........  290M
1534778075,,ui,message,    amazon-ebs:   8000K .......... .......... .......... .......... ..........  335M
1534778075,,ui,message,    amazon-ebs:   8050K .......... .......... .......... .......... ..........  353M
1534778075,,ui,message,    amazon-ebs:   8100K .......... .......... .......... .......... ..........  265M
1534778075,,ui,message,    amazon-ebs:   8150K .......... .......... .......... .......... ..........  594K
1534778075,,ui,message,    amazon-ebs:   8200K .......... .......... .......... .......... .......... 6.86M
1534778075,,ui,message,    amazon-ebs:   8250K .......... .......... .......... .......... ..........  349M
1534778075,,ui,message,    amazon-ebs:   8300K .......... .......... .......... .......... ..........  295M
1534778075,,ui,message,    amazon-ebs:   8350K .......... .......... .......... .......... ..........  337M
1534778075,,ui,message,    amazon-ebs:   8400K .......... .......... .......... .......... ..........  255M
1534778075,,ui,message,    amazon-ebs:   8450K .......... .......... .......... .......... ..........  236M
1534778075,,ui,message,    amazon-ebs:   8500K .......... .......... .......... .......... ..........  329M
1534778075,,ui,message,    amazon-ebs:   8550K .......... .......... .......... .......... ..........  284M
1534778075,,ui,message,    amazon-ebs:   8600K .......... .......... .......... ........               163M=0.3s
1534778075,,ui,message,    amazon-ebs:
1534778075,,ui,message,    amazon-ebs: 2018-08-20 15:14:33 (26.6 MB/s) - ‘gh-pages.zip’ saved [8846282]
1534778075,,ui,message,    amazon-ebs:
1534778075,,ui,message,    amazon-ebs: cp: cannot stat ‘gh-pages’: No such file or directory
1534778075,,ui,say,==> amazon-ebs: Terminating the source AWS instance...
1534778141,,ui,say,==> amazon-ebs: Cleaning up any extra volumes...
1534778142,,ui,say,==> amazon-ebs: No volumes to clean up%!(PACKER_COMMA) skipping
1534778142,,ui,say,==> amazon-ebs: Deleting temporary security group...
1534778142,,ui,say,==> amazon-ebs: Deleting temporary keypair...
1534778142,,ui,error,Build 'amazon-ebs' errored: Script exited with non-zero exit status: 1
1534778142,,error-count,1
1534778142,,ui,error,\n==> Some builds didn't complete successfully and had errors:
1534778142,amazon-ebs,error,Script exited with non-zero exit status: 1
1534778142,,ui,error,--> amazon-ebs: Script exited with non-zero exit status: 1
1534778142,,ui,say,\n==> Builds finished but no artifacts were created.
